<?xml version="1.0" encoding="UTF-8"?>
<testng-results ignored="0" total="3" passed="3" failed="0" skipped="0">
  <reporter-output>
  </reporter-output>
  <suite started-at="2022-09-20T17:27:31 IST" name="Default suite" finished-at="2022-09-20T17:27:37 IST" duration-ms="5264">
    <groups>
    </groups>
    <test started-at="2022-09-20T17:27:31 IST" name="Default test" finished-at="2022-09-20T17:27:37 IST" duration-ms="5264">
      <class name="tests.PutPatchDeleteExampls">
        <test-method signature="testDelete()[pri:0, instance:tests.PutPatchDeleteExampls@4f209819]" started-at="2022-09-20T17:27:31 IST" name="testDelete" finished-at="2022-09-20T17:27:35 IST" duration-ms="3793" status="PASS">
          <reporter-output>
          </reporter-output>
        </test-method> <!-- testDelete -->
        <test-method signature="testPatch()[pri:0, instance:tests.PutPatchDeleteExampls@4f209819]" started-at="2022-09-20T17:27:35 IST" name="testPatch" finished-at="2022-09-20T17:27:36 IST" duration-ms="757" status="PASS">
          <reporter-output>
          </reporter-output>
        </test-method> <!-- testPatch -->
        <test-method signature="testPut()[pri:0, instance:tests.PutPatchDeleteExampls@4f209819]" started-at="2022-09-20T17:27:36 IST" name="testPut" finished-at="2022-09-20T17:27:37 IST" duration-ms="619" status="PASS">
          <reporter-output>
          </reporter-output>
        </test-method> <!-- testPut -->
      </class> <!-- tests.PutPatchDeleteExampls -->
    </test> <!-- Default test -->
  </suite> <!-- Default suite -->
</testng-results>
