<?xml version="1.0" encoding="UTF-8"?>
<!-- Generated by org.testng.reporters.JUnitXMLReporter -->
<testsuite ignored="0" hostname="Ayansh" failures="0" tests="3" name="Default test" time="5.264" errors="0" timestamp="2022-09-20T17:27:37 IST">
  <testcase classname="tests.PutPatchDeleteExampls" name="testDelete" time="3.793"/>
  <testcase classname="tests.PutPatchDeleteExampls" name="testPatch" time="0.757"/>
  <testcase classname="tests.PutPatchDeleteExampls" name="testPut" time="0.619"/>
</testsuite> <!-- Default test -->
